<?xml version="1.0" encoding="UTF-8"?>
<!-- Generated by org.testng.reporters.JUnitXMLReporter -->
<testsuite hostname="LAPTOP-AUG5HGQL" ignored="0" name="Default test" tests="6" failures="0" timestamp="17 Sep 2020 11:55:49 GMT" time="95.381" errors="0">
  <testcase name="SignIn_Test" time="20.101" classname="test.SignInTest"/>
  <testcase name="SignIn_Test" time="15.179" classname="test.SignInTest"/>
  <testcase name="SignIn_Test" time="16.883" classname="test.SignInTest"/>
  <testcase name="SignIn_Test" time="16.25" classname="test.SignInTest"/>
  <testcase name="SignIn_Test" time="13.722" classname="test.SignInTest"/>
  <testcase name="SignIn_Test" time="13.198" classname="test.SignInTest"/>
</testsuite> <!-- Default test -->
